<?xml version="1.0" encoding="UTF-8"?>
<!-- Generated by org.testng.reporters.JUnitXMLReporter -->
<testsuite ignored="2" hostname="Sarojs-iMac" failures="0" tests="3" name="Test" time="0.045" errors="0" timestamp="2023-11-28T12:55:55 EST">
  <testcase classname="testNG_day03.REview_TestNG" name="test01" time="0.008"/>
  <testcase classname="testNG_day03.REview_TestNG" name="test04" time="0.003"/>
  <testcase classname="testNG_day03.REview_TestNG" name="test04" time="0.001"/>
  <testcase classname="testNG_day03.REview_TestNG" name="test03" time="0.0">
    <ignored/>
  </testcase> <!-- test03 -->
  <testcase classname="testNG_day03.REview_TestNG" name="test02" time="0.0">
    <ignored/>
  </testcase> <!-- test02 -->
</testsuite> <!-- Test -->
