<?xml version="1.0" encoding="UTF-8"?>
<testng-results ignored="0" total="1" passed="1" failed="0" skipped="0">
  <reporter-output>
  </reporter-output>
  <suite started-at="2023-12-03T22:09:25 EST" name="Default suite" finished-at="2023-12-03T22:09:43 EST" duration-ms="17746">
    <groups>
    </groups>
    <test started-at="2023-12-03T22:09:25 EST" name="Default test" finished-at="2023-12-03T22:09:43 EST" duration-ms="17746">
      <class name="testCase.TestCase2">
        <test-method is-config="true" signature="getDriver()[pri:0, instance:testCase.TestCase2@5bcde458]" started-at="2023-12-03T22:09:25 EST" name="getDriver" finished-at="2023-12-03T22:09:25 EST" duration-ms="4" status="PASS">
          <reporter-output>
          </reporter-output>
        </test-method> <!-- getDriver -->
        <test-method is-config="true" signature="login()[pri:0, instance:testCase.TestCase2@5bcde458]" started-at="2023-12-03T22:09:25 EST" name="login" finished-at="2023-12-03T22:09:26 EST" duration-ms="974" status="PASS">
          <reporter-output>
          </reporter-output>
        </test-method> <!-- login -->
        <test-method signature="tesetCaseHomework()[pri:0, instance:testCase.TestCase2@5bcde458]" started-at="2023-12-03T22:09:26 EST" name="tesetCaseHomework" finished-at="2023-12-03T22:09:43 EST" duration-ms="16751" status="PASS">
          <reporter-output>
          </reporter-output>
        </test-method> <!-- tesetCaseHomework -->
      </class> <!-- testCase.TestCase2 -->
    </test> <!-- Default test -->
  </suite> <!-- Default suite -->
</testng-results>
